This file contains any messages produced by compilers while
running configure, to aid debugging if configure makes a mistake.

It was created by FLRIG configure 1.3.49, which was
generated by GNU Autoconf 2.69.  Invocation command line was

  $ ./configure 

## --------- ##
## Platform. ##
## --------- ##

hostname = woosensteen
uname -m = x86_64
uname -r = 5.3.0-40-generic
uname -s = Linux
uname -v = #32~18.04.1-Ubuntu SMP Mon Feb 3 14:05:59 UTC 2020

/usr/bin/uname -p = unknown
/bin/uname -X     = unknown

/bin/arch              = unknown
/usr/bin/arch -k       = unknown
/usr/convex/getsysinfo = unknown
/usr/bin/hostinfo      = unknown
/bin/machine           = unknown
/usr/bin/oslevel       = unknown
/bin/universe          = unknown

PATH: /usr/local/sbin
PATH: /usr/local/bin
PATH: /usr/sbin
PATH: /usr/bin
PATH: /sbin
PATH: /bin
PATH: /usr/games
PATH: /usr/local/games


## ----------- ##
## Core tests. ##
## ----------- ##

configure:2495: checking build system type
configure:2509: result: x86_64-pc-linux-gnu
configure:2530: checking host system type
configure:2543: result: x86_64-pc-linux-gnu
configure:2564: checking target system type
configure:2577: result: x86_64-pc-linux-gnu
configure:2620: checking for a BSD-compatible install
configure:2688: result: /usr/bin/install -c
configure:2699: checking whether build environment is sane
configure:2754: result: yes
configure:2905: checking for a thread-safe mkdir -p
configure:2944: result: /bin/mkdir -p
configure:2951: checking for gawk
configure:2981: result: no
configure:2951: checking for mawk
configure:2967: found /usr/bin/mawk
configure:2978: result: mawk
configure:2989: checking whether make sets $(MAKE)
configure:3011: result: yes
configure:3040: checking whether make supports nested variables
configure:3057: result: yes
configure:3249: checking for g++
configure:3265: found /usr/bin/g++
configure:3276: result: g++
configure:3303: checking for C++ compiler version
configure:3312: g++ --version >&5
g++ (Ubuntu 7.5.0-3ubuntu1~18.04) 7.5.0
Copyright (C) 2017 Free Software Foundation, Inc.
This is free software; see the source for copying conditions.  There is NO
warranty; not even for MERCHANTABILITY or FITNESS FOR A PARTICULAR PURPOSE.

configure:3323: $? = 0
configure:3312: g++ -v >&5
Using built-in specs.
COLLECT_GCC=g++
COLLECT_LTO_WRAPPER=/usr/lib/gcc/x86_64-linux-gnu/7/lto-wrapper
OFFLOAD_TARGET_NAMES=nvptx-none
OFFLOAD_TARGET_DEFAULT=1
Target: x86_64-linux-gnu
Configured with: ../src/configure -v --with-pkgversion='Ubuntu 7.5.0-3ubuntu1~18.04' --with-bugurl=file:///usr/share/doc/gcc-7/README.Bugs --enable-languages=c,ada,c++,go,brig,d,fortran,objc,obj-c++ --prefix=/usr --with-gcc-major-version-only --program-suffix=-7 --program-prefix=x86_64-linux-gnu- --enable-shared --enable-linker-build-id --libexecdir=/usr/lib --without-included-gettext --enable-threads=posix --libdir=/usr/lib --enable-nls --enable-bootstrap --enable-clocale=gnu --enable-libstdcxx-debug --enable-libstdcxx-time=yes --with-default-libstdcxx-abi=new --enable-gnu-unique-object --disable-vtable-verify --enable-libmpx --enable-plugin --enable-default-pie --with-system-zlib --with-target-system-zlib --enable-objc-gc=auto --enable-multiarch --disable-werror --with-arch-32=i686 --with-abi=m64 --with-multilib-list=m32,m64,mx32 --enable-multilib --with-tune=generic --enable-offload-targets=nvptx-none --without-cuda-driver --enable-checking=release --build=x86_64-linux-gnu --host=x86_64-linux-gnu --target=x86_64-linux-gnu
Thread model: posix
gcc version 7.5.0 (Ubuntu 7.5.0-3ubuntu1~18.04) 
configure:3323: $? = 0
configure:3312: g++ -V >&5
g++: error: unrecognized command line option '-V'
g++: fatal error: no input files
compilation terminated.
configure:3323: $? = 1
configure:3312: g++ -qversion >&5
g++: error: unrecognized command line option '-qversion'; did you mean '--version'?
g++: fatal error: no input files
compilation terminated.
configure:3323: $? = 1
configure:3343: checking whether the C++ compiler works
configure:3365: g++    conftest.cpp  >&5
configure:3369: $? = 0
configure:3417: result: yes
configure:3420: checking for C++ compiler default output file name
configure:3422: result: a.out
configure:3428: checking for suffix of executables
configure:3435: g++ -o conftest    conftest.cpp  >&5
configure:3439: $? = 0
configure:3461: result: 
configure:3483: checking whether we are cross compiling
configure:3491: g++ -o conftest    conftest.cpp  >&5
configure:3495: $? = 0
configure:3502: ./conftest
configure:3506: $? = 0
configure:3521: result: no
configure:3526: checking for suffix of object files
configure:3548: g++ -c   conftest.cpp >&5
configure:3552: $? = 0
configure:3573: result: o
configure:3577: checking whether we are using the GNU C++ compiler
configure:3596: g++ -c   conftest.cpp >&5
configure:3596: $? = 0
configure:3605: result: yes
configure:3614: checking whether g++ accepts -g
configure:3634: g++ -c -g  conftest.cpp >&5
configure:3634: $? = 0
configure:3675: result: yes
configure:3709: checking for style of include used by make
configure:3737: result: GNU
configure:3763: checking dependency style of g++
configure:3874: result: gcc3
configure:3937: checking for gcc
configure:3953: found /usr/bin/gcc
configure:3964: result: gcc
configure:4193: checking for C compiler version
configure:4202: gcc --version >&5
gcc (Ubuntu 7.5.0-3ubuntu1~18.04) 7.5.0
Copyright (C) 2017 Free Software Foundation, Inc.
This is free software; see the source for copying conditions.  There is NO
warranty; not even for MERCHANTABILITY or FITNESS FOR A PARTICULAR PURPOSE.

configure:4213: $? = 0
configure:4202: gcc -v >&5
Using built-in specs.
COLLECT_GCC=gcc
COLLECT_LTO_WRAPPER=/usr/lib/gcc/x86_64-linux-gnu/7/lto-wrapper
OFFLOAD_TARGET_NAMES=nvptx-none
OFFLOAD_TARGET_DEFAULT=1
Target: x86_64-linux-gnu
Configured with: ../src/configure -v --with-pkgversion='Ubuntu 7.5.0-3ubuntu1~18.04' --with-bugurl=file:///usr/share/doc/gcc-7/README.Bugs --enable-languages=c,ada,c++,go,brig,d,fortran,objc,obj-c++ --prefix=/usr --with-gcc-major-version-only --program-suffix=-7 --program-prefix=x86_64-linux-gnu- --enable-shared --enable-linker-build-id --libexecdir=/usr/lib --without-included-gettext --enable-threads=posix --libdir=/usr/lib --enable-nls --enable-bootstrap --enable-clocale=gnu --enable-libstdcxx-debug --enable-libstdcxx-time=yes --with-default-libstdcxx-abi=new --enable-gnu-unique-object --disable-vtable-verify --enable-libmpx --enable-plugin --enable-default-pie --with-system-zlib --with-target-system-zlib --enable-objc-gc=auto --enable-multiarch --disable-werror --with-arch-32=i686 --with-abi=m64 --with-multilib-list=m32,m64,mx32 --enable-multilib --with-tune=generic --enable-offload-targets=nvptx-none --without-cuda-driver --enable-checking=release --build=x86_64-linux-gnu --host=x86_64-linux-gnu --target=x86_64-linux-gnu
Thread model: posix
gcc version 7.5.0 (Ubuntu 7.5.0-3ubuntu1~18.04) 
configure:4213: $? = 0
configure:4202: gcc -V >&5
gcc: error: unrecognized command line option '-V'
gcc: fatal error: no input files
compilation terminated.
configure:4213: $? = 1
configure:4202: gcc -qversion >&5
gcc: error: unrecognized command line option '-qversion'; did you mean '--version'?
gcc: fatal error: no input files
compilation terminated.
configure:4213: $? = 1
configure:4217: checking whether we are using the GNU C compiler
configure:4236: gcc -c   conftest.c >&5
configure:4236: $? = 0
configure:4245: result: yes
configure:4254: checking whether gcc accepts -g
configure:4274: gcc -c -g  conftest.c >&5
configure:4274: $? = 0
configure:4315: result: yes
configure:4332: checking for gcc option to accept ISO C89
configure:4395: gcc  -c -g -O2  conftest.c >&5
configure:4395: $? = 0
configure:4408: result: none needed
configure:4433: checking whether gcc understands -c and -o together
configure:4455: gcc -c conftest.c -o conftest2.o
configure:4458: $? = 0
configure:4455: gcc -c conftest.c -o conftest2.o
configure:4458: $? = 0
configure:4470: result: yes
configure:4489: checking dependency style of gcc
configure:4600: result: gcc3
configure:4621: checking how to run the C preprocessor
configure:4652: gcc -E  conftest.c
configure:4652: $? = 0
configure:4666: gcc -E  conftest.c
conftest.c:15:10: fatal error: ac_nonexistent.h: No such file or directory
 #include <ac_nonexistent.h>
          ^~~~~~~~~~~~~~~~~~
compilation terminated.
configure:4666: $? = 1
configure: failed program was:
| /* confdefs.h */
| #define PACKAGE_NAME "FLRIG"
| #define PACKAGE_TARNAME "flrig"
| #define PACKAGE_VERSION "1.3.49"
| #define PACKAGE_STRING "FLRIG 1.3.49"
| #define PACKAGE_BUGREPORT "w1hkj AT w1hkj DOT com"
| #define PACKAGE_URL ""
| #define FLRIG_VERSION_MAJOR 1
| #define FLRIG_VERSION_MINOR 3
| #define FLRIG_VERSION_PATCH ".49"
| #define FLRIG_VERSION "1.3.49"
| #define PACKAGE "flrig"
| #define VERSION "1.3.49"
| /* end confdefs.h.  */
| #include <ac_nonexistent.h>
configure:4691: result: gcc -E
configure:4711: gcc -E  conftest.c
configure:4711: $? = 0
configure:4725: gcc -E  conftest.c
conftest.c:15:10: fatal error: ac_nonexistent.h: No such file or directory
 #include <ac_nonexistent.h>
          ^~~~~~~~~~~~~~~~~~
compilation terminated.
configure:4725: $? = 1
configure: failed program was:
| /* confdefs.h */
| #define PACKAGE_NAME "FLRIG"
| #define PACKAGE_TARNAME "flrig"
| #define PACKAGE_VERSION "1.3.49"
| #define PACKAGE_STRING "FLRIG 1.3.49"
| #define PACKAGE_BUGREPORT "w1hkj AT w1hkj DOT com"
| #define PACKAGE_URL ""
| #define FLRIG_VERSION_MAJOR 1
| #define FLRIG_VERSION_MINOR 3
| #define FLRIG_VERSION_PATCH ".49"
| #define FLRIG_VERSION "1.3.49"
| #define PACKAGE "flrig"
| #define VERSION "1.3.49"
| /* end confdefs.h.  */
| #include <ac_nonexistent.h>
configure:4754: checking for grep that handles long lines and -e
configure:4812: result: /bin/grep
configure:4817: checking for egrep
configure:4879: result: /bin/grep -E
configure:4884: checking for ANSI C header files
configure:4904: gcc -c -g -O2  conftest.c >&5
configure:4904: $? = 0
configure:4977: gcc -o conftest -g -O2   conftest.c  >&5
configure:4977: $? = 0
configure:4977: ./conftest
configure:4977: $? = 0
configure:4988: result: yes
configure:5001: checking for sys/types.h
configure:5001: gcc -c -g -O2  conftest.c >&5
configure:5001: $? = 0
configure:5001: result: yes
configure:5001: checking for sys/stat.h
configure:5001: gcc -c -g -O2  conftest.c >&5
configure:5001: $? = 0
configure:5001: result: yes
configure:5001: checking for stdlib.h
configure:5001: gcc -c -g -O2  conftest.c >&5
configure:5001: $? = 0
configure:5001: result: yes
configure:5001: checking for string.h
configure:5001: gcc -c -g -O2  conftest.c >&5
configure:5001: $? = 0
configure:5001: result: yes
configure:5001: checking for memory.h
configure:5001: gcc -c -g -O2  conftest.c >&5
configure:5001: $? = 0
configure:5001: result: yes
configure:5001: checking for strings.h
configure:5001: gcc -c -g -O2  conftest.c >&5
configure:5001: $? = 0
configure:5001: result: yes
configure:5001: checking for inttypes.h
configure:5001: gcc -c -g -O2  conftest.c >&5
configure:5001: $? = 0
configure:5001: result: yes
configure:5001: checking for stdint.h
configure:5001: gcc -c -g -O2  conftest.c >&5
configure:5001: $? = 0
configure:5001: result: yes
configure:5001: checking for unistd.h
configure:5001: gcc -c -g -O2  conftest.c >&5
configure:5001: $? = 0
configure:5001: result: yes
configure:5014: checking minix/config.h usability
configure:5014: gcc -c -g -O2  conftest.c >&5
conftest.c:58:10: fatal error: minix/config.h: No such file or directory
 #include <minix/config.h>
          ^~~~~~~~~~~~~~~~
compilation terminated.
configure:5014: $? = 1
configure: failed program was:
| /* confdefs.h */
| #define PACKAGE_NAME "FLRIG"
| #define PACKAGE_TARNAME "flrig"
| #define PACKAGE_VERSION "1.3.49"
| #define PACKAGE_STRING "FLRIG 1.3.49"
| #define PACKAGE_BUGREPORT "w1hkj AT w1hkj DOT com"
| #define PACKAGE_URL ""
| #define FLRIG_VERSION_MAJOR 1
| #define FLRIG_VERSION_MINOR 3
| #define FLRIG_VERSION_PATCH ".49"
| #define FLRIG_VERSION "1.3.49"
| #define PACKAGE "flrig"
| #define VERSION "1.3.49"
| #define STDC_HEADERS 1
| #define HAVE_SYS_TYPES_H 1
| #define HAVE_SYS_STAT_H 1
| #define HAVE_STDLIB_H 1
| #define HAVE_STRING_H 1
| #define HAVE_MEMORY_H 1
| #define HAVE_STRINGS_H 1
| #define HAVE_INTTYPES_H 1
| #define HAVE_STDINT_H 1
| #define HAVE_UNISTD_H 1
| /* end confdefs.h.  */
| #include <stdio.h>
| #ifdef HAVE_SYS_TYPES_H
| # include <sys/types.h>
| #endif
| #ifdef HAVE_SYS_STAT_H
| # include <sys/stat.h>
| #endif
| #ifdef STDC_HEADERS
| # include <stdlib.h>
| # include <stddef.h>
| #else
| # ifdef HAVE_STDLIB_H
| #  include <stdlib.h>
| # endif
| #endif
| #ifdef HAVE_STRING_H
| # if !defined STDC_HEADERS && defined HAVE_MEMORY_H
| #  include <memory.h>
| # endif
| # include <string.h>
| #endif
| #ifdef HAVE_STRINGS_H
| # include <strings.h>
| #endif
| #ifdef HAVE_INTTYPES_H
| # include <inttypes.h>
| #endif
| #ifdef HAVE_STDINT_H
| # include <stdint.h>
| #endif
| #ifdef HAVE_UNISTD_H
| # include <unistd.h>
| #endif
| #include <minix/config.h>
configure:5014: result: no
configure:5014: checking minix/config.h presence
configure:5014: gcc -E  conftest.c
conftest.c:25:10: fatal error: minix/config.h: No such file or directory
 #include <minix/config.h>
          ^~~~~~~~~~~~~~~~
compilation terminated.
configure:5014: $? = 1
configure: failed program was:
| /* confdefs.h */
| #define PACKAGE_NAME "FLRIG"
| #define PACKAGE_TARNAME "flrig"
| #define PACKAGE_VERSION "1.3.49"
| #define PACKAGE_STRING "FLRIG 1.3.49"
| #define PACKAGE_BUGREPORT "w1hkj AT w1hkj DOT com"
| #define PACKAGE_URL ""
| #define FLRIG_VERSION_MAJOR 1
| #define FLRIG_VERSION_MINOR 3
| #define FLRIG_VERSION_PATCH ".49"
| #define FLRIG_VERSION "1.3.49"
| #define PACKAGE "flrig"
| #define VERSION "1.3.49"
| #define STDC_HEADERS 1
| #define HAVE_SYS_TYPES_H 1
| #define HAVE_SYS_STAT_H 1
| #define HAVE_STDLIB_H 1
| #define HAVE_STRING_H 1
| #define HAVE_MEMORY_H 1
| #define HAVE_STRINGS_H 1
| #define HAVE_INTTYPES_H 1
| #define HAVE_STDINT_H 1
| #define HAVE_UNISTD_H 1
| /* end confdefs.h.  */
| #include <minix/config.h>
configure:5014: result: no
configure:5014: checking for minix/config.h
configure:5014: result: no
configure:5035: checking whether it is safe to define __EXTENSIONS__
configure:5053: gcc -c -g -O2  conftest.c >&5
configure:5053: $? = 0
configure:5060: result: yes
configure:5081: checking for stdlib.h
configure:5081: result: yes
configure:5081: checking for string.h
configure:5081: result: yes
configure:5093: checking for stdbool.h that conforms to C99
configure:5160: gcc -c -g -O2  conftest.c >&5
configure:5160: $? = 0
configure:5167: result: yes
configure:5169: checking for _Bool
configure:5169: gcc -c -g -O2  conftest.c >&5
configure:5169: $? = 0
configure:5169: gcc -c -g -O2  conftest.c >&5
conftest.c: In function 'main':
conftest.c:68:20: error: expected expression before ')' token
 if (sizeof ((_Bool)))
                    ^
configure:5169: $? = 1
configure: failed program was:
| /* confdefs.h */
| #define PACKAGE_NAME "FLRIG"
| #define PACKAGE_TARNAME "flrig"
| #define PACKAGE_VERSION "1.3.49"
| #define PACKAGE_STRING "FLRIG 1.3.49"
| #define PACKAGE_BUGREPORT "w1hkj AT w1hkj DOT com"
| #define PACKAGE_URL ""
| #define FLRIG_VERSION_MAJOR 1
| #define FLRIG_VERSION_MINOR 3
| #define FLRIG_VERSION_PATCH ".49"
| #define FLRIG_VERSION "1.3.49"
| #define PACKAGE "flrig"
| #define VERSION "1.3.49"
| #define STDC_HEADERS 1
| #define HAVE_SYS_TYPES_H 1
| #define HAVE_SYS_STAT_H 1
| #define HAVE_STDLIB_H 1
| #define HAVE_STRING_H 1
| #define HAVE_MEMORY_H 1
| #define HAVE_STRINGS_H 1
| #define HAVE_INTTYPES_H 1
| #define HAVE_STDINT_H 1
| #define HAVE_UNISTD_H 1
| #define __EXTENSIONS__ 1
| #define _ALL_SOURCE 1
| #define _GNU_SOURCE 1
| #define _POSIX_PTHREAD_SEMANTICS 1
| #define _TANDEM_SOURCE 1
| #define HAVE_STDLIB_H 1
| #define HAVE_STRING_H 1
| /* end confdefs.h.  */
| #include <stdio.h>
| #ifdef HAVE_SYS_TYPES_H
| # include <sys/types.h>
| #endif
| #ifdef HAVE_SYS_STAT_H
| # include <sys/stat.h>
| #endif
| #ifdef STDC_HEADERS
| # include <stdlib.h>
| # include <stddef.h>
| #else
| # ifdef HAVE_STDLIB_H
| #  include <stdlib.h>
| # endif
| #endif
| #ifdef HAVE_STRING_H
| # if !defined STDC_HEADERS && defined HAVE_MEMORY_H
| #  include <memory.h>
| # endif
| # include <string.h>
| #endif
| #ifdef HAVE_STRINGS_H
| # include <strings.h>
| #endif
| #ifdef HAVE_INTTYPES_H
| # include <inttypes.h>
| #endif
| #ifdef HAVE_STDINT_H
| # include <stdint.h>
| #endif
| #ifdef HAVE_UNISTD_H
| # include <unistd.h>
| #endif
| int
| main ()
| {
| if (sizeof ((_Bool)))
| 	    return 0;
|   ;
|   return 0;
| }
configure:5169: result: yes
configure:5186: checking for size_t
configure:5186: gcc -c -g -O2  conftest.c >&5
configure:5186: $? = 0
configure:5186: gcc -c -g -O2  conftest.c >&5
conftest.c: In function 'main':
conftest.c:70:21: error: expected expression before ')' token
 if (sizeof ((size_t)))
                     ^
configure:5186: $? = 1
configure: failed program was:
| /* confdefs.h */
| #define PACKAGE_NAME "FLRIG"
| #define PACKAGE_TARNAME "flrig"
| #define PACKAGE_VERSION "1.3.49"
| #define PACKAGE_STRING "FLRIG 1.3.49"
| #define PACKAGE_BUGREPORT "w1hkj AT w1hkj DOT com"
| #define PACKAGE_URL ""
| #define FLRIG_VERSION_MAJOR 1
| #define FLRIG_VERSION_MINOR 3
| #define FLRIG_VERSION_PATCH ".49"
| #define FLRIG_VERSION "1.3.49"
| #define PACKAGE "flrig"
| #define VERSION "1.3.49"
| #define STDC_HEADERS 1
| #define HAVE_SYS_TYPES_H 1
| #define HAVE_SYS_STAT_H 1
| #define HAVE_STDLIB_H 1
| #define HAVE_STRING_H 1
| #define HAVE_MEMORY_H 1
| #define HAVE_STRINGS_H 1
| #define HAVE_INTTYPES_H 1
| #define HAVE_STDINT_H 1
| #define HAVE_UNISTD_H 1
| #define __EXTENSIONS__ 1
| #define _ALL_SOURCE 1
| #define _GNU_SOURCE 1
| #define _POSIX_PTHREAD_SEMANTICS 1
| #define _TANDEM_SOURCE 1
| #define HAVE_STDLIB_H 1
| #define HAVE_STRING_H 1
| #define HAVE__BOOL 1
| #define HAVE_STDBOOL_H 1
| /* end confdefs.h.  */
| #include <stdio.h>
| #ifdef HAVE_SYS_TYPES_H
| # include <sys/types.h>
| #endif
| #ifdef HAVE_SYS_STAT_H
| # include <sys/stat.h>
| #endif
| #ifdef STDC_HEADERS
| # include <stdlib.h>
| # include <stddef.h>
| #else
| # ifdef HAVE_STDLIB_H
| #  include <stdlib.h>
| # endif
| #endif
| #ifdef HAVE_STRING_H
| # if !defined STDC_HEADERS && defined HAVE_MEMORY_H
| #  include <memory.h>
| # endif
| # include <string.h>
| #endif
| #ifdef HAVE_STRINGS_H
| # include <strings.h>
| #endif
| #ifdef HAVE_INTTYPES_H
| # include <inttypes.h>
| #endif
| #ifdef HAVE_STDINT_H
| # include <stdint.h>
| #endif
| #ifdef HAVE_UNISTD_H
| # include <unistd.h>
| #endif
| int
| main ()
| {
| if (sizeof ((size_t)))
| 	    return 0;
|   ;
|   return 0;
| }
configure:5186: result: yes
configure:5202: checking for getaddrinfo
configure:5202: gcc -o conftest -g -O2   conftest.c  >&5
configure:5202: $? = 0
configure:5202: result: yes
configure:5202: checking for gethostbyname
configure:5202: gcc -o conftest -g -O2   conftest.c  >&5
configure:5202: $? = 0
configure:5202: result: yes
configure:5202: checking for hstrerror
configure:5202: gcc -o conftest -g -O2   conftest.c  >&5
configure:5202: $? = 0
configure:5202: result: yes
configure:5202: checking for gmtime_r
configure:5202: gcc -o conftest -g -O2   conftest.c  >&5
configure:5202: $? = 0
configure:5202: result: yes
configure:5202: checking for localtime_r
configure:5202: gcc -o conftest -g -O2   conftest.c  >&5
configure:5202: $? = 0
configure:5202: result: yes
configure:5202: checking for memmove
configure:5202: gcc -o conftest -g -O2   conftest.c  >&5
conftest.c:62:6: warning: conflicting types for built-in function 'memmove' [-Wbuiltin-declaration-mismatch]
 char memmove ();
      ^~~~~~~
configure:5202: $? = 0
configure:5202: result: yes
configure:5202: checking for memset
configure:5202: gcc -o conftest -g -O2   conftest.c  >&5
conftest.c:63:6: warning: conflicting types for built-in function 'memset' [-Wbuiltin-declaration-mismatch]
 char memset ();
      ^~~~~~
configure:5202: $? = 0
configure:5202: result: yes
configure:5202: checking for mkdir
configure:5202: gcc -o conftest -g -O2   conftest.c  >&5
configure:5202: $? = 0
configure:5202: result: yes
configure:5202: checking for select
configure:5202: gcc -o conftest -g -O2   conftest.c  >&5
configure:5202: $? = 0
configure:5202: result: yes
configure:5202: checking for setenv
configure:5202: gcc -o conftest -g -O2   conftest.c  >&5
configure:5202: $? = 0
configure:5202: result: yes
configure:5202: checking for snprintf
configure:5202: gcc -o conftest -g -O2   conftest.c  >&5
conftest.c:67:6: warning: conflicting types for built-in function 'snprintf' [-Wbuiltin-declaration-mismatch]
 char snprintf ();
      ^~~~~~~~
configure:5202: $? = 0
configure:5202: result: yes
configure:5202: checking for socket
configure:5202: gcc -o conftest -g -O2   conftest.c  >&5
configure:5202: $? = 0
configure:5202: result: yes
configure:5202: checking for socketpair
configure:5202: gcc -o conftest -g -O2   conftest.c  >&5
configure:5202: $? = 0
configure:5202: result: yes
configure:5202: checking for strcasecmp
configure:5202: gcc -o conftest -g -O2   conftest.c  >&5
conftest.c:70:6: warning: conflicting types for built-in function 'strcasecmp' [-Wbuiltin-declaration-mismatch]
 char strcasecmp ();
      ^~~~~~~~~~
configure:5202: $? = 0
configure:5202: result: yes
configure:5202: checking for strcasestr
configure:5202: gcc -o conftest -g -O2   conftest.c  >&5
configure:5202: $? = 0
configure:5202: result: yes
configure:5202: checking for strchr
configure:5202: gcc -o conftest -g -O2   conftest.c  >&5
conftest.c:72:6: warning: conflicting types for built-in function 'strchr' [-Wbuiltin-declaration-mismatch]
 char strchr ();
      ^~~~~~
configure:5202: $? = 0
configure:5202: result: yes
configure:5202: checking for strdup
configure:5202: gcc -o conftest -g -O2   conftest.c  >&5
conftest.c:73:6: warning: conflicting types for built-in function 'strdup' [-Wbuiltin-declaration-mismatch]
 char strdup ();
      ^~~~~~
configure:5202: $? = 0
configure:5202: result: yes
configure:5202: checking for strerror
configure:5202: gcc -o conftest -g -O2   conftest.c  >&5
configure:5202: $? = 0
configure:5202: result: yes
configure:5202: checking for strlcpy
configure:5202: gcc -o conftest -g -O2   conftest.c  >&5
/tmp/ccVULUrj.o: In function `main':
/usr/src/flrig-1.3.49/conftest.c:86: undefined reference to `strlcpy'
collect2: error: ld returned 1 exit status
configure:5202: $? = 1
configure: failed program was:
| /* confdefs.h */
| #define PACKAGE_NAME "FLRIG"
| #define PACKAGE_TARNAME "flrig"
| #define PACKAGE_VERSION "1.3.49"
| #define PACKAGE_STRING "FLRIG 1.3.49"
| #define PACKAGE_BUGREPORT "w1hkj AT w1hkj DOT com"
| #define PACKAGE_URL ""
| #define FLRIG_VERSION_MAJOR 1
| #define FLRIG_VERSION_MINOR 3
| #define FLRIG_VERSION_PATCH ".49"
| #define FLRIG_VERSION "1.3.49"
| #define PACKAGE "flrig"
| #define VERSION "1.3.49"
| #define STDC_HEADERS 1
| #define HAVE_SYS_TYPES_H 1
| #define HAVE_SYS_STAT_H 1
| #define HAVE_STDLIB_H 1
| #define HAVE_STRING_H 1
| #define HAVE_MEMORY_H 1
| #define HAVE_STRINGS_H 1
| #define HAVE_INTTYPES_H 1
| #define HAVE_STDINT_H 1
| #define HAVE_UNISTD_H 1
| #define __EXTENSIONS__ 1
| #define _ALL_SOURCE 1
| #define _GNU_SOURCE 1
| #define _POSIX_PTHREAD_SEMANTICS 1
| #define _TANDEM_SOURCE 1
| #define HAVE_STDLIB_H 1
| #define HAVE_STRING_H 1
| #define HAVE__BOOL 1
| #define HAVE_STDBOOL_H 1
| #define HAVE_GETADDRINFO 1
| #define HAVE_GETHOSTBYNAME 1
| #define HAVE_HSTRERROR 1
| #define HAVE_GMTIME_R 1
| #define HAVE_LOCALTIME_R 1
| #define HAVE_MEMMOVE 1
| #define HAVE_MEMSET 1
| #define HAVE_MKDIR 1
| #define HAVE_SELECT 1
| #define HAVE_SETENV 1
| #define HAVE_SNPRINTF 1
| #define HAVE_SOCKET 1
| #define HAVE_SOCKETPAIR 1
| #define HAVE_STRCASECMP 1
| #define HAVE_STRCASESTR 1
| #define HAVE_STRCHR 1
| #define HAVE_STRDUP 1
| #define HAVE_STRERROR 1
| /* end confdefs.h.  */
| /* Define strlcpy to an innocuous variant, in case <limits.h> declares strlcpy.
|    For example, HP-UX 11i <limits.h> declares gettimeofday.  */
| #define strlcpy innocuous_strlcpy
| 
| /* System header to define __stub macros and hopefully few prototypes,
|     which can conflict with char strlcpy (); below.
|     Prefer <limits.h> to <assert.h> if __STDC__ is defined, since
|     <limits.h> exists even on freestanding compilers.  */
| 
| #ifdef __STDC__
| # include <limits.h>
| #else
| # include <assert.h>
| #endif
| 
| #undef strlcpy
| 
| /* Override any GCC internal prototype to avoid an error.
|    Use char because int might match the return type of a GCC
|    builtin and then its argument prototype would still apply.  */
| #ifdef __cplusplus
| extern "C"
| #endif
| char strlcpy ();
| /* The GNU C library defines this for functions which it implements
|     to always fail with ENOSYS.  Some functions are actually named
|     something starting with __ and the normal name is an alias.  */
| #if defined __stub_strlcpy || defined __stub___strlcpy
| choke me
| #endif
| 
| int
| main ()
| {
| return strlcpy ();
|   ;
|   return 0;
| }
configure:5202: result: no
configure:5202: checking for strncasecmp
configure:5202: gcc -o conftest -g -O2   conftest.c  >&5
conftest.c:75:6: warning: conflicting types for built-in function 'strncasecmp' [-Wbuiltin-declaration-mismatch]
 char strncasecmp ();
      ^~~~~~~~~~~
configure:5202: $? = 0
configure:5202: result: yes
configure:5202: checking for strrchr
configure:5202: gcc -o conftest -g -O2   conftest.c  >&5
conftest.c:76:6: warning: conflicting types for built-in function 'strrchr' [-Wbuiltin-declaration-mismatch]
 char strrchr ();
      ^~~~~~~
configure:5202: $? = 0
configure:5202: result: yes
configure:5202: checking for strstr
configure:5202: gcc -o conftest -g -O2   conftest.c  >&5
conftest.c:77:6: warning: conflicting types for built-in function 'strstr' [-Wbuiltin-declaration-mismatch]
 char strstr ();
      ^~~~~~
configure:5202: $? = 0
configure:5202: result: yes
configure:5202: checking for strtol
configure:5202: gcc -o conftest -g -O2   conftest.c  >&5
configure:5202: $? = 0
configure:5202: result: yes
configure:5202: checking for uname
configure:5202: gcc -o conftest -g -O2   conftest.c  >&5
configure:5202: $? = 0
configure:5202: result: yes
configure:5202: checking for unsetenv
configure:5202: gcc -o conftest -g -O2   conftest.c  >&5
configure:5202: $? = 0
configure:5202: result: yes
configure:5202: checking for vsnprintf
configure:5202: gcc -o conftest -g -O2   conftest.c  >&5
conftest.c:81:6: warning: conflicting types for built-in function 'vsnprintf' [-Wbuiltin-declaration-mismatch]
 char vsnprintf ();
      ^~~~~~~~~
configure:5202: $? = 0
configure:5202: result: yes
configure:5771: checking for library containing dlopen
configure:5802: gcc -o conftest -g -O2   conftest.c  >&5
/tmp/cccu8UJ5.o: In function `main':
/usr/src/flrig-1.3.49/conftest.c:70: undefined reference to `dlopen'
collect2: error: ld returned 1 exit status
configure:5802: $? = 1
configure: failed program was:
| /* confdefs.h */
| #define PACKAGE_NAME "FLRIG"
| #define PACKAGE_TARNAME "flrig"
| #define PACKAGE_VERSION "1.3.49"
| #define PACKAGE_STRING "FLRIG 1.3.49"
| #define PACKAGE_BUGREPORT "w1hkj AT w1hkj DOT com"
| #define PACKAGE_URL ""
| #define FLRIG_VERSION_MAJOR 1
| #define FLRIG_VERSION_MINOR 3
| #define FLRIG_VERSION_PATCH ".49"
| #define FLRIG_VERSION "1.3.49"
| #define PACKAGE "flrig"
| #define VERSION "1.3.49"
| #define STDC_HEADERS 1
| #define HAVE_SYS_TYPES_H 1
| #define HAVE_SYS_STAT_H 1
| #define HAVE_STDLIB_H 1
| #define HAVE_STRING_H 1
| #define HAVE_MEMORY_H 1
| #define HAVE_STRINGS_H 1
| #define HAVE_INTTYPES_H 1
| #define HAVE_STDINT_H 1
| #define HAVE_UNISTD_H 1
| #define __EXTENSIONS__ 1
| #define _ALL_SOURCE 1
| #define _GNU_SOURCE 1
| #define _POSIX_PTHREAD_SEMANTICS 1
| #define _TANDEM_SOURCE 1
| #define HAVE_STDLIB_H 1
| #define HAVE_STRING_H 1
| #define HAVE__BOOL 1
| #define HAVE_STDBOOL_H 1
| #define HAVE_GETADDRINFO 1
| #define HAVE_GETHOSTBYNAME 1
| #define HAVE_HSTRERROR 1
| #define HAVE_GMTIME_R 1
| #define HAVE_LOCALTIME_R 1
| #define HAVE_MEMMOVE 1
| #define HAVE_MEMSET 1
| #define HAVE_MKDIR 1
| #define HAVE_SELECT 1
| #define HAVE_SETENV 1
| #define HAVE_SNPRINTF 1
| #define HAVE_SOCKET 1
| #define HAVE_SOCKETPAIR 1
| #define HAVE_STRCASECMP 1
| #define HAVE_STRCASESTR 1
| #define HAVE_STRCHR 1
| #define HAVE_STRDUP 1
| #define HAVE_STRERROR 1
| #define HAVE_STRNCASECMP 1
| #define HAVE_STRRCHR 1
| #define HAVE_STRSTR 1
| #define HAVE_STRTOL 1
| #define HAVE_UNAME 1
| #define HAVE_UNSETENV 1
| #define HAVE_VSNPRINTF 1
| /* end confdefs.h.  */
| 
| /* Override any GCC internal prototype to avoid an error.
|    Use char because int might match the return type of a GCC
|    builtin and then its argument prototype would still apply.  */
| #ifdef __cplusplus
| extern "C"
| #endif
| char dlopen ();
| int
| main ()
| {
| return dlopen ();
|   ;
|   return 0;
| }
configure:5802: gcc -o conftest -g -O2   conftest.c -ldl   >&5
configure:5802: $? = 0
configure:5819: result: -ldl
configure:5846: checking for library containing clock_gettime
configure:5877: gcc -o conftest -g -O2   conftest.c  >&5
configure:5877: $? = 0
configure:5894: result: none required
configure:5921: checking for library containing sem_unlink
configure:5952: gcc -o conftest -g -O2   conftest.c  >&5
/tmp/ccCgFIHq.o: In function `main':
/usr/src/flrig-1.3.49/conftest.c:72: undefined reference to `sem_unlink'
collect2: error: ld returned 1 exit status
configure:5952: $? = 1
configure: failed program was:
| /* confdefs.h */
| #define PACKAGE_NAME "FLRIG"
| #define PACKAGE_TARNAME "flrig"
| #define PACKAGE_VERSION "1.3.49"
| #define PACKAGE_STRING "FLRIG 1.3.49"
| #define PACKAGE_BUGREPORT "w1hkj AT w1hkj DOT com"
| #define PACKAGE_URL ""
| #define FLRIG_VERSION_MAJOR 1
| #define FLRIG_VERSION_MINOR 3
| #define FLRIG_VERSION_PATCH ".49"
| #define FLRIG_VERSION "1.3.49"
| #define PACKAGE "flrig"
| #define VERSION "1.3.49"
| #define STDC_HEADERS 1
| #define HAVE_SYS_TYPES_H 1
| #define HAVE_SYS_STAT_H 1
| #define HAVE_STDLIB_H 1
| #define HAVE_STRING_H 1
| #define HAVE_MEMORY_H 1
| #define HAVE_STRINGS_H 1
| #define HAVE_INTTYPES_H 1
| #define HAVE_STDINT_H 1
| #define HAVE_UNISTD_H 1
| #define __EXTENSIONS__ 1
| #define _ALL_SOURCE 1
| #define _GNU_SOURCE 1
| #define _POSIX_PTHREAD_SEMANTICS 1
| #define _TANDEM_SOURCE 1
| #define HAVE_STDLIB_H 1
| #define HAVE_STRING_H 1
| #define HAVE__BOOL 1
| #define HAVE_STDBOOL_H 1
| #define HAVE_GETADDRINFO 1
| #define HAVE_GETHOSTBYNAME 1
| #define HAVE_HSTRERROR 1
| #define HAVE_GMTIME_R 1
| #define HAVE_LOCALTIME_R 1
| #define HAVE_MEMMOVE 1
| #define HAVE_MEMSET 1
| #define HAVE_MKDIR 1
| #define HAVE_SELECT 1
| #define HAVE_SETENV 1
| #define HAVE_SNPRINTF 1
| #define HAVE_SOCKET 1
| #define HAVE_SOCKETPAIR 1
| #define HAVE_STRCASECMP 1
| #define HAVE_STRCASESTR 1
| #define HAVE_STRCHR 1
| #define HAVE_STRDUP 1
| #define HAVE_STRERROR 1
| #define HAVE_STRNCASECMP 1
| #define HAVE_STRRCHR 1
| #define HAVE_STRSTR 1
| #define HAVE_STRTOL 1
| #define HAVE_UNAME 1
| #define HAVE_UNSETENV 1
| #define HAVE_VSNPRINTF 1
| #define HAVE_DLOPEN 1
| #define HAVE_CLOCK_GETTIME 1
| /* end confdefs.h.  */
| 
| /* Override any GCC internal prototype to avoid an error.
|    Use char because int might match the return type of a GCC
|    builtin and then its argument prototype would still apply.  */
| #ifdef __cplusplus
| extern "C"
| #endif
| char sem_unlink ();
| int
| main ()
| {
| return sem_unlink ();
|   ;
|   return 0;
| }
configure:5952: gcc -o conftest -g -O2   conftest.c -lpthread   >&5
configure:5952: $? = 0
configure:5969: result: -lpthread
configure:5996: checking for library containing sem_timedwait
configure:6027: gcc -o conftest -g -O2   conftest.c  >&5
/tmp/cckIdw6s.o: In function `main':
/usr/src/flrig-1.3.49/conftest.c:73: undefined reference to `sem_timedwait'
collect2: error: ld returned 1 exit status
configure:6027: $? = 1
configure: failed program was:
| /* confdefs.h */
| #define PACKAGE_NAME "FLRIG"
| #define PACKAGE_TARNAME "flrig"
| #define PACKAGE_VERSION "1.3.49"
| #define PACKAGE_STRING "FLRIG 1.3.49"
| #define PACKAGE_BUGREPORT "w1hkj AT w1hkj DOT com"
| #define PACKAGE_URL ""
| #define FLRIG_VERSION_MAJOR 1
| #define FLRIG_VERSION_MINOR 3
| #define FLRIG_VERSION_PATCH ".49"
| #define FLRIG_VERSION "1.3.49"
| #define PACKAGE "flrig"
| #define VERSION "1.3.49"
| #define STDC_HEADERS 1
| #define HAVE_SYS_TYPES_H 1
| #define HAVE_SYS_STAT_H 1
| #define HAVE_STDLIB_H 1
| #define HAVE_STRING_H 1
| #define HAVE_MEMORY_H 1
| #define HAVE_STRINGS_H 1
| #define HAVE_INTTYPES_H 1
| #define HAVE_STDINT_H 1
| #define HAVE_UNISTD_H 1
| #define __EXTENSIONS__ 1
| #define _ALL_SOURCE 1
| #define _GNU_SOURCE 1
| #define _POSIX_PTHREAD_SEMANTICS 1
| #define _TANDEM_SOURCE 1
| #define HAVE_STDLIB_H 1
| #define HAVE_STRING_H 1
| #define HAVE__BOOL 1
| #define HAVE_STDBOOL_H 1
| #define HAVE_GETADDRINFO 1
| #define HAVE_GETHOSTBYNAME 1
| #define HAVE_HSTRERROR 1
| #define HAVE_GMTIME_R 1
| #define HAVE_LOCALTIME_R 1
| #define HAVE_MEMMOVE 1
| #define HAVE_MEMSET 1
| #define HAVE_MKDIR 1
| #define HAVE_SELECT 1
| #define HAVE_SETENV 1
| #define HAVE_SNPRINTF 1
| #define HAVE_SOCKET 1
| #define HAVE_SOCKETPAIR 1
| #define HAVE_STRCASECMP 1
| #define HAVE_STRCASESTR 1
| #define HAVE_STRCHR 1
| #define HAVE_STRDUP 1
| #define HAVE_STRERROR 1
| #define HAVE_STRNCASECMP 1
| #define HAVE_STRRCHR 1
| #define HAVE_STRSTR 1
| #define HAVE_STRTOL 1
| #define HAVE_UNAME 1
| #define HAVE_UNSETENV 1
| #define HAVE_VSNPRINTF 1
| #define HAVE_DLOPEN 1
| #define HAVE_CLOCK_GETTIME 1
| #define HAVE_SEM_UNLINK 1
| /* end confdefs.h.  */
| 
| /* Override any GCC internal prototype to avoid an error.
|    Use char because int might match the return type of a GCC
|    builtin and then its argument prototype would still apply.  */
| #ifdef __cplusplus
| extern "C"
| #endif
| char sem_timedwait ();
| int
| main ()
| {
| return sem_timedwait ();
|   ;
|   return 0;
| }
configure:6027: gcc -o conftest -g -O2   conftest.c -lpthread   >&5
configure:6027: $? = 0
configure:6044: result: -lpthread
configure:6096: checking for fltk-config
configure:6114: found /usr/bin/fltk-config
configure:6127: result: /usr/bin/fltk-config
configure:6205: checking for fluid
configure:6221: found /usr/bin/fluid
configure:6232: result: fluid
configure:6309: checking for pkg-config
configure:6327: found /usr/bin/pkg-config
configure:6339: result: /usr/bin/pkg-config
configure:6364: checking pkg-config is at least version 0.9.0
configure:6367: result: yes
configure:6390: checking for X
configure:6397: $PKG_CONFIG --exists --print-errors "x11"
configure:6400: $? = 0
configure:6414: $PKG_CONFIG --exists --print-errors "x11"
configure:6417: $? = 0
configure:6455: result: yes
configure:6612: checking for FLXMLRPC
configure:6619: $PKG_CONFIG --exists --print-errors "flxmlrpc >= 0.1.0"
Package flxmlrpc was not found in the pkg-config search path.
Perhaps you should add the directory containing `flxmlrpc.pc'
to the PKG_CONFIG_PATH environment variable
No package 'flxmlrpc' found
configure:6622: $? = 1
configure:6636: $PKG_CONFIG --exists --print-errors "flxmlrpc >= 0.1.0"
Package flxmlrpc was not found in the pkg-config search path.
Perhaps you should add the directory containing `flxmlrpc.pc'
to the PKG_CONFIG_PATH environment variable
No package 'flxmlrpc' found
configure:6639: $? = 1
configure:6653: result: no
No package 'flxmlrpc' found
configure:7057: checking that generated files are newer than configure
configure:7063: result: done
configure:7134: creating ./config.status

## ---------------------- ##
## Running config.status. ##
## ---------------------- ##

This file was extended by FLRIG config.status 1.3.49, which was
generated by GNU Autoconf 2.69.  Invocation command line was

  CONFIG_FILES    = 
  CONFIG_HEADERS  = 
  CONFIG_LINKS    = 
  CONFIG_COMMANDS = 
  $ ./config.status 

on woosensteen

config.status:993: creating Makefile
config.status:993: creating src/Makefile
config.status:993: creating src/config.h
config.status:1222: executing depfiles commands
configure:8473: result:
Configuration summary:

  Version ..................... 1.3.49

  Target OS ................... linux-gnu

  Have flxmlrpc library ....... internal lib

  Static linking .............. no
  CPU optimizations ........... none
  Debugging ................... no



## ---------------- ##
## Cache variables. ##
## ---------------- ##

ac_cv_build=x86_64-pc-linux-gnu
ac_cv_c_compiler_gnu=yes
ac_cv_cxx_compiler_gnu=yes
ac_cv_debug=no
ac_cv_env_BFD_CFLAGS_set=
ac_cv_env_BFD_CFLAGS_value=
ac_cv_env_BFD_LIBS_set=
ac_cv_env_BFD_LIBS_value=
ac_cv_env_CCC_set=
ac_cv_env_CCC_value=
ac_cv_env_CC_set=
ac_cv_env_CC_value=
ac_cv_env_CFLAGS_set=
ac_cv_env_CFLAGS_value=
ac_cv_env_CPPFLAGS_set=
ac_cv_env_CPPFLAGS_value=
ac_cv_env_CPP_set=
ac_cv_env_CPP_value=
ac_cv_env_CXXFLAGS_set=
ac_cv_env_CXXFLAGS_value=
ac_cv_env_CXX_set=
ac_cv_env_CXX_value=
ac_cv_env_FLTK_CFLAGS_set=
ac_cv_env_FLTK_CFLAGS_value=
ac_cv_env_FLTK_CONFIG_set=
ac_cv_env_FLTK_CONFIG_value=
ac_cv_env_FLTK_LIBS_set=
ac_cv_env_FLTK_LIBS_value=
ac_cv_env_FLUID_set=
ac_cv_env_FLUID_value=
ac_cv_env_FLXMLRPC_CFLAGS_set=
ac_cv_env_FLXMLRPC_CFLAGS_value=
ac_cv_env_FLXMLRPC_LIBS_set=
ac_cv_env_FLXMLRPC_LIBS_value=
ac_cv_env_LDFLAGS_set=
ac_cv_env_LDFLAGS_value=
ac_cv_env_LIBS_set=
ac_cv_env_LIBS_value=
ac_cv_env_PKG_CONFIG_LIBDIR_set=
ac_cv_env_PKG_CONFIG_LIBDIR_value=
ac_cv_env_PKG_CONFIG_PATH_set=
ac_cv_env_PKG_CONFIG_PATH_value=
ac_cv_env_PKG_CONFIG_set=
ac_cv_env_PKG_CONFIG_value=
ac_cv_env_PTW32_CFLAGS_set=
ac_cv_env_PTW32_CFLAGS_value=
ac_cv_env_PTW32_LIBS_set=
ac_cv_env_PTW32_LIBS_value=
ac_cv_env_X_CFLAGS_set=
ac_cv_env_X_CFLAGS_value=
ac_cv_env_X_LIBS_set=
ac_cv_env_X_LIBS_value=
ac_cv_env_build_alias_set=
ac_cv_env_build_alias_value=
ac_cv_env_host_alias_set=
ac_cv_env_host_alias_value=
ac_cv_env_target_alias_set=
ac_cv_env_target_alias_value=
ac_cv_flxmlrpc=no
ac_cv_func_getaddrinfo=yes
ac_cv_func_gethostbyname=yes
ac_cv_func_gmtime_r=yes
ac_cv_func_hstrerror=yes
ac_cv_func_localtime_r=yes
ac_cv_func_memmove=yes
ac_cv_func_memset=yes
ac_cv_func_mkdir=yes
ac_cv_func_select=yes
ac_cv_func_setenv=yes
ac_cv_func_snprintf=yes
ac_cv_func_socket=yes
ac_cv_func_socketpair=yes
ac_cv_func_strcasecmp=yes
ac_cv_func_strcasestr=yes
ac_cv_func_strchr=yes
ac_cv_func_strdup=yes
ac_cv_func_strerror=yes
ac_cv_func_strlcpy=no
ac_cv_func_strncasecmp=yes
ac_cv_func_strrchr=yes
ac_cv_func_strstr=yes
ac_cv_func_strtol=yes
ac_cv_func_uname=yes
ac_cv_func_unsetenv=yes
ac_cv_func_vsnprintf=yes
ac_cv_have_func_clock_gettime=1
ac_cv_have_func_dlopen=1
ac_cv_have_func_sem_timedwait=1
ac_cv_have_func_sem_unlink=1
ac_cv_header_inttypes_h=yes
ac_cv_header_memory_h=yes
ac_cv_header_minix_config_h=no
ac_cv_header_stdbool_h=yes
ac_cv_header_stdc=yes
ac_cv_header_stdint_h=yes
ac_cv_header_stdlib_h=yes
ac_cv_header_string_h=yes
ac_cv_header_strings_h=yes
ac_cv_header_sys_stat_h=yes
ac_cv_header_sys_types_h=yes
ac_cv_header_unistd_h=yes
ac_cv_host=x86_64-pc-linux-gnu
ac_cv_mac_universal=no
ac_cv_objext=o
ac_cv_opt=none
ac_cv_path_EGREP='/bin/grep -E'
ac_cv_path_FLTK_CONFIG=/usr/bin/fltk-config
ac_cv_path_GREP=/bin/grep
ac_cv_path_ac_pt_PKG_CONFIG=/usr/bin/pkg-config
ac_cv_path_install='/usr/bin/install -c'
ac_cv_path_mkdir=/bin/mkdir
ac_cv_prog_AWK=mawk
ac_cv_prog_CPP='gcc -E'
ac_cv_prog_FLUID=fluid
ac_cv_prog_ac_ct_CC=gcc
ac_cv_prog_ac_ct_CXX=g++
ac_cv_prog_cc_c89=
ac_cv_prog_cc_g=yes
ac_cv_prog_cxx_g=yes
ac_cv_prog_make_make_set=yes
ac_cv_safe_to_define___extensions__=yes
ac_cv_search_clock_gettime='none required'
ac_cv_search_dlopen=-ldl
ac_cv_search_sem_timedwait=-lpthread
ac_cv_search_sem_unlink=-lpthread
ac_cv_static=no
ac_cv_target=x86_64-pc-linux-gnu
ac_cv_type__Bool=yes
ac_cv_type_size_t=yes
ac_cv_want_bfd=yes
ac_cv_want_flxmlrpc=check
ac_cv_want_ptw32=no
ac_cv_want_x=check
ac_cv_x=yes
am_cv_CC_dependencies_compiler_type=gcc3
am_cv_CXX_dependencies_compiler_type=gcc3
am_cv_make_support_nested_variables=yes
am_cv_prog_cc_c_o=yes
pkg_cv_X_CFLAGS=
pkg_cv_X_LIBS=-lX11

## ----------------- ##
## Output variables. ##
## ----------------- ##

ACLOCAL='${SHELL} /usr/src/flrig-1.3.49/build-aux/missing aclocal-1.15'
AC_CONFIG_ARGS=''
AMDEPBACKSLASH='\'
AMDEP_FALSE='#'
AMDEP_TRUE=''
AMTAR='$${TAR-tar}'
AM_BACKSLASH='\'
AM_DEFAULT_V='$(AM_DEFAULT_VERBOSITY)'
AM_DEFAULT_VERBOSITY='1'
AM_V='$(V)'
AUTOCONF='${SHELL} /usr/src/flrig-1.3.49/build-aux/missing autoconf'
AUTOHEADER='${SHELL} /usr/src/flrig-1.3.49/build-aux/missing autoheader'
AUTOMAKE='${SHELL} /usr/src/flrig-1.3.49/build-aux/missing automake-1.15'
AWK='mawk'
BFD_CFLAGS=''
BFD_LIBS=''
CC='gcc'
CCDEPMODE='depmode=gcc3'
CFLAGS='-g -O2'
COMPAT_REGEX_FALSE='#'
COMPAT_REGEX_TRUE=''
COMPAT_STACK_FALSE=''
COMPAT_STACK_TRUE='#'
COMPAT_STRCASESTR_FALSE=''
COMPAT_STRCASESTR_TRUE='#'
CPP='gcc -E'
CPPFLAGS=''
CXX='g++'
CXXDEPMODE='depmode=gcc3'
CXXFLAGS='-g -O2'
CYGPATH_W='echo'
DARWIN_FALSE=''
DARWIN_TRUE='#'
DEBUG_CFLAGS=''
DEFS='-DHAVE_CONFIG_H'
DEPDIR='.deps'
ECHO_C=''
ECHO_N='-n'
ECHO_T=''
EGREP='/bin/grep -E'
ENABLE_DEBUG_FALSE=''
ENABLE_DEBUG_TRUE='#'
ENABLE_FLXMLRPC_FALSE=''
ENABLE_FLXMLRPC_TRUE='#'
EXEEXT=''
EXTRA_LIBS=' -ldl  -lpthread '
FLRIG_BUILD_CPPFLAGS='-I$(srcdir) -I$(srcdir)/include -I$(srcdir)/xmlrpcpp'
FLRIG_BUILD_CXXFLAGS='-I$(srcdir)/xmlrpcpp -I/usr/include/cairo -I/usr/include/glib-2.0 -I/usr/lib/x86_64-linux-gnu/glib-2.0/include -I/usr/include/pixman-1 -I/usr/include/freetype2 -I/usr/include/libpng16 -I/usr/include/freetype2 -I/usr/include/cairo -I/usr/include/glib-2.0 -I/usr/lib/x86_64-linux-gnu/glib-2.0/include -I/usr/include/pixman-1 -I/usr/include/freetype2 -I/usr/include/libpng16  -I$(srcdir) -I$(srcdir)/include   -pipe -Wall -fexceptions -O2 -ffast-math -finline-functions -fomit-frame-pointer   -DNDEBUG'
FLRIG_BUILD_LDADD='-lfltk_images -lfltk -lX11 -lX11  -ldl  -lpthread   '
FLRIG_BUILD_LDFLAGS=''
FLRIG_VERSION='1.3.49'
FLRIG_VERSION_MAJOR='1'
FLRIG_VERSION_MINOR='3'
FLRIG_VERSION_PATCH='.49'
FLTK_CFLAGS='-I/usr/include/cairo -I/usr/include/glib-2.0 -I/usr/lib/x86_64-linux-gnu/glib-2.0/include -I/usr/include/pixman-1 -I/usr/include/freetype2 -I/usr/include/libpng16 -I/usr/include/freetype2 -I/usr/include/cairo -I/usr/include/glib-2.0 -I/usr/lib/x86_64-linux-gnu/glib-2.0/include -I/usr/include/pixman-1 -I/usr/include/freetype2 -I/usr/include/libpng16 '
FLTK_CONFIG='/usr/bin/fltk-config'
FLTK_LIBS='-lfltk_images -lfltk -lX11'
FLUID='fluid'
FLXMLRPC_CFLAGS=''
FLXMLRPC_LIBS=''
GREP='/bin/grep'
HAVE_FLUID_FALSE='#'
HAVE_FLUID_TRUE=''
HAVE_NSIS_FALSE=''
HAVE_NSIS_TRUE='#'
HAVE_WINDRES_FALSE=''
HAVE_WINDRES_TRUE='#'
INSTALL_DATA='${INSTALL} -m 644'
INSTALL_PROGRAM='${INSTALL}'
INSTALL_SCRIPT='${INSTALL}'
INSTALL_STRIP_PROGRAM='$(install_sh) -c -s'
LDFLAGS=''
LIBOBJS=''
LIBS=''
LTLIBOBJS=''
MAC_UNIVERSAL_CFLAGS=''
MAC_UNIVERSAL_LDFLAGS=''
MAKEINFO='${SHELL} /usr/src/flrig-1.3.49/build-aux/missing makeinfo'
MAKENSIS=''
MINGW32_FALSE=''
MINGW32_TRUE='#'
MKDIR_P='/bin/mkdir -p'
OBJEXT='o'
OPT_CFLAGS='-O2 -ffast-math -finline-functions -fomit-frame-pointer'
PACKAGE='flrig'
PACKAGE_BUGREPORT='w1hkj AT w1hkj DOT com'
PACKAGE_NAME='FLRIG'
PACKAGE_STRING='FLRIG 1.3.49'
PACKAGE_TARNAME='flrig'
PACKAGE_URL=''
PACKAGE_VERSION='1.3.49'
PATH_SEPARATOR=':'
PKG_CONFIG='/usr/bin/pkg-config'
PKG_CONFIG_LIBDIR=''
PKG_CONFIG_PATH=''
PTW32_CFLAGS=''
PTW32_LIBS=''
RDYNAMIC=''
SET_MAKE=''
SHELL='/bin/bash'
STRIP=''
VERSION='1.3.49'
WIN32_FALSE=''
WIN32_TRUE='#'
WINDRES=''
X_CFLAGS=''
X_LIBS='-lX11'
ac_ct_CC='gcc'
ac_ct_CXX='g++'
am__EXEEXT_FALSE=''
am__EXEEXT_TRUE='#'
am__fastdepCC_FALSE='#'
am__fastdepCC_TRUE=''
am__fastdepCXX_FALSE='#'
am__fastdepCXX_TRUE=''
am__include='include'
am__isrc=''
am__leading_dot='.'
am__nodep='_no'
am__quote=''
am__tar='$${TAR-tar} chof - "$$tardir"'
am__untar='$${TAR-tar} xf -'
bindir='${exec_prefix}/bin'
build='x86_64-pc-linux-gnu'
build_alias=''
build_cpu='x86_64'
build_os='linux-gnu'
build_vendor='pc'
datadir='${datarootdir}'
datarootdir='${prefix}/share'
docdir='${datarootdir}/doc/${PACKAGE_TARNAME}'
dvidir='${docdir}'
exec_prefix='${prefix}'
host='x86_64-pc-linux-gnu'
host_alias=''
host_cpu='x86_64'
host_os='linux-gnu'
host_vendor='pc'
htmldir='${docdir}'
includedir='${prefix}/include'
infodir='${datarootdir}/info'
install_sh='${SHELL} /usr/src/flrig-1.3.49/build-aux/install-sh'
libdir='${exec_prefix}/lib'
libexecdir='${exec_prefix}/libexec'
localedir='${datarootdir}/locale'
localstatedir='${prefix}/var'
mandir='${datarootdir}/man'
mkdir_p='$(MKDIR_P)'
oldincludedir='/usr/include'
pdfdir='${docdir}'
prefix='/usr/local'
program_transform_name='s,x,x,'
psdir='${docdir}'
runstatedir='${localstatedir}/run'
sbindir='${exec_prefix}/sbin'
sharedstatedir='${prefix}/com'
sysconfdir='${prefix}/etc'
target='x86_64-pc-linux-gnu'
target_alias=''
target_cpu='x86_64'
target_os='linux-gnu'
target_vendor='pc'

## ----------- ##
## confdefs.h. ##
## ----------- ##

/* confdefs.h */
#define PACKAGE_NAME "FLRIG"
#define PACKAGE_TARNAME "flrig"
#define PACKAGE_VERSION "1.3.49"
#define PACKAGE_STRING "FLRIG 1.3.49"
#define PACKAGE_BUGREPORT "w1hkj AT w1hkj DOT com"
#define PACKAGE_URL ""
#define FLRIG_VERSION_MAJOR 1
#define FLRIG_VERSION_MINOR 3
#define FLRIG_VERSION_PATCH ".49"
#define FLRIG_VERSION "1.3.49"
#define PACKAGE "flrig"
#define VERSION "1.3.49"
#define STDC_HEADERS 1
#define HAVE_SYS_TYPES_H 1
#define HAVE_SYS_STAT_H 1
#define HAVE_STDLIB_H 1
#define HAVE_STRING_H 1
#define HAVE_MEMORY_H 1
#define HAVE_STRINGS_H 1
#define HAVE_INTTYPES_H 1
#define HAVE_STDINT_H 1
#define HAVE_UNISTD_H 1
#define __EXTENSIONS__ 1
#define _ALL_SOURCE 1
#define _GNU_SOURCE 1
#define _POSIX_PTHREAD_SEMANTICS 1
#define _TANDEM_SOURCE 1
#define HAVE_STDLIB_H 1
#define HAVE_STRING_H 1
#define HAVE__BOOL 1
#define HAVE_STDBOOL_H 1
#define HAVE_GETADDRINFO 1
#define HAVE_GETHOSTBYNAME 1
#define HAVE_HSTRERROR 1
#define HAVE_GMTIME_R 1
#define HAVE_LOCALTIME_R 1
#define HAVE_MEMMOVE 1
#define HAVE_MEMSET 1
#define HAVE_MKDIR 1
#define HAVE_SELECT 1
#define HAVE_SETENV 1
#define HAVE_SNPRINTF 1
#define HAVE_SOCKET 1
#define HAVE_SOCKETPAIR 1
#define HAVE_STRCASECMP 1
#define HAVE_STRCASESTR 1
#define HAVE_STRCHR 1
#define HAVE_STRDUP 1
#define HAVE_STRERROR 1
#define HAVE_STRNCASECMP 1
#define HAVE_STRRCHR 1
#define HAVE_STRSTR 1
#define HAVE_STRTOL 1
#define HAVE_UNAME 1
#define HAVE_UNSETENV 1
#define HAVE_VSNPRINTF 1
#define HAVE_DLOPEN 1
#define HAVE_CLOCK_GETTIME 1
#define HAVE_SEM_UNLINK 1
#define HAVE_SEM_TIMEDWAIT 1
#define FLTK_BUILD_VERSION "1.3.4"
#define FLRIG_FLTK_API_MAJOR 1
#define FLRIG_FLTK_API_MINOR 3
#define USE_X 1
#define X_BUILD_VERSION "1.6.4"
#define USE_FLXMLRPC 0
#define FLXMLRPC_BUILD_VERSION ""
#define BUILD_BUILD_PLATFORM "x86_64-pc-linux-gnu"
#define BUILD_HOST_PLATFORM "x86_64-pc-linux-gnu"
#define BUILD_TARGET_PLATFORM "x86_64-pc-linux-gnu"
#define BUILD_CONFIGURE_ARGS ""
#define BUILD_DATE "Sun Mar 15 11:31:54 EDT 2020"
#define BUILD_USER "root"
#define BUILD_HOST "woosensteen"
#define BUILD_COMPILER "gcc version 7.5.0 (Ubuntu 7.5.0-3ubuntu1~18.04) "
#define FLRIG_BUILD_CXXFLAGS "-I$(srcdir) -I$(srcdir)/include -I$(srcdir)/xmlrpcpp -I$(srcdir)/xmlrpcpp -I/usr/include/cairo -I/usr/include/glib-2.0 -I/usr/lib/x86_64-linux-gnu/glib-2.0/include -I/usr/include/pixman-1 -I/usr/include/freetype2 -I/usr/include/libpng16 -I/usr/include/freetype2 -I/usr/include/cairo -I/usr/include/glib-2.0 -I/usr/lib/x86_64-linux-gnu/glib-2.0/include -I/usr/include/pixman-1 -I/usr/include/freetype2 -I/usr/include/libpng16 -I$(srcdir) -I$(srcdir)/include -pipe -Wall -fexceptions -O2 -ffast-math -finline-functions -fomit-frame-pointer -DNDEBUG"
#define FLRIG_BUILD_LDFLAGS "-lfltk_images -lfltk -lX11 -lX11 -ldl -lpthread"

configure: exit 0
